{"level":"info","message":"✅ Database connected","service":"fashionshop-api","timestamp":"2026-03-28 11:28:34"}
{"level":"info","message":"✅ Database synced","service":"fashionshop-api","timestamp":"2026-03-28 11:28:34"}
{"level":"info","message":"🚀 Server running at http://localhost:3001","service":"fashionshop-api","timestamp":"2026-03-28 11:28:34"}
{"level":"info","message":"📡 API: http://localhost:3001/api","service":"fashionshop-api","timestamp":"2026-03-28 11:28:34"}
{"level":"debug","message":"HEAD /api/health","service":"fashionshop-api","timestamp":"2026-03-28 11:29:14"}
{"level":"debug","message":"GET /api/health","service":"fashionshop-api","timestamp":"2026-03-28 11:29:14"}
{"level":"debug","message":"HEAD /api/products?limit=3","service":"fashionshop-api","timestamp":"2026-03-28 11:29:22"}
{"level":"debug","message":"GET /api/products?limit=3","service":"fashionshop-api","timestamp":"2026-03-28 11:29:22"}
{"level":"debug","message":"POST /api/auth/login","service":"fashionshop-api","timestamp":"2026-03-28 11:30:11"}
{"level":"info","message":"User logged in: admin@fashionshop.vn","service":"fashionshop-api","timestamp":"2026-03-28 11:30:11"}
{"level":"debug","message":"GET /api/auth/me","service":"fashionshop-api","timestamp":"2026-03-28 11:30:31"}
{"level":"debug","message":"GET /api/auth/me","service":"fashionshop-api","timestamp":"2026-03-28 11:30:54"}
{"level":"debug","message":"GET /api/auth/me","service":"fashionshop-api","timestamp":"2026-03-28 11:31:01"}
{"level":"debug","message":"GET /api/auth/me","service":"fashionshop-api","timestamp":"2026-03-28 11:32:17"}
{"level":"debug","message":"POST /api/auth/login","service":"fashionshop-api","timestamp":"2026-03-28 11:32:29"}
{"level":"info","message":"User logged in: admin@fashionshop.vn","service":"fashionshop-api","timestamp":"2026-03-28 11:32:30"}
{"level":"debug","message":"GET /api/auth/me","service":"fashionshop-api","timestamp":"2026-03-28 11:32:33"}
{"level":"debug","message":"GET /api/auth/me","service":"fashionshop-api","timestamp":"2026-03-28 11:32:52"}
{"level":"debug","message":"GET /api/admin/dashboard","service":"fashionshop-api","timestamp":"2026-03-28 11:32:52"}
{"level":"debug","message":"GET /api/admin/revenue?period=daily&months=1","service":"fashionshop-api","timestamp":"2026-03-28 11:32:52"}
{"level":"debug","message":"GET /api/products?page=1&limit=10","service":"fashionshop-api","timestamp":"2026-03-28 11:33:11"}
{"level":"debug","message":"GET /api/orders?page=1&limit=10","service":"fashionshop-api","timestamp":"2026-03-28 11:33:18"}
{"level":"debug","message":"GET /api/auth/me","service":"fashionshop-api","timestamp":"2026-03-28 11:33:37"}
{"level":"debug","message":"POST /api/auth/login","service":"fashionshop-api","timestamp":"2026-03-28 11:33:47"}
{"level":"info","message":"User logged in: admin@fashionshop.vn","service":"fashionshop-api","timestamp":"2026-03-28 11:33:48"}
{"level":"debug","message":"GET /api/admin/dashboard","service":"fashionshop-api","timestamp":"2026-03-28 11:33:48"}
{"level":"debug","message":"GET /api/admin/revenue?period=daily&months=1","service":"fashionshop-api","timestamp":"2026-03-28 11:33:48"}
{"level":"debug","message":"GET /api/admin/customers?page=1&limit=10","service":"fashionshop-api","timestamp":"2026-03-28 11:33:55"}
{"level":"debug","message":"GET /api/admin/customers?page=1&limit=10","service":"fashionshop-api","timestamp":"2026-03-28 11:34:44"}
{"level":"debug","message":"GET /api/orders?page=1&limit=10","service":"fashionshop-api","timestamp":"2026-03-28 11:37:05"}
{"level":"debug","message":"GET /api/products?page=1&limit=10","service":"fashionshop-api","timestamp":"2026-03-28 11:37:06"}
{"level":"debug","message":"GET /api/products?page=2&limit=10","service":"fashionshop-api","timestamp":"2026-03-28 11:37:09"}
{"level":"debug","message":"GET /api/products?page=1&limit=10","service":"fashionshop-api","timestamp":"2026-03-28 11:37:11"}
{"level":"debug","message":"GET /api/admin/dashboard","service":"fashionshop-api","timestamp":"2026-03-28 11:37:12"}
{"level":"debug","message":"GET /api/admin/revenue?period=daily&months=1","service":"fashionshop-api","timestamp":"2026-03-28 11:37:12"}
{"level":"debug","message":"GET /api/admin/customers?page=1&limit=10","service":"fashionshop-api","timestamp":"2026-03-28 11:37:27"}
{"level":"debug","message":"GET /api/orders?page=1&limit=10","service":"fashionshop-api","timestamp":"2026-03-28 11:37:28"}
{"level":"debug","message":"GET /api/products?page=1&limit=10","service":"fashionshop-api","timestamp":"2026-03-28 11:37:29"}
{"level":"debug","message":"GET /api/admin/dashboard","service":"fashionshop-api","timestamp":"2026-03-28 11:37:29"}
{"level":"debug","message":"GET /api/admin/revenue?period=daily&months=1","service":"fashionshop-api","timestamp":"2026-03-28 11:37:29"}
{"level":"debug","message":"GET /api/orders?page=1&limit=10","service":"fashionshop-api","timestamp":"2026-03-28 11:37:29"}
{"level":"debug","message":"GET /api/products?page=1&limit=10","service":"fashionshop-api","timestamp":"2026-03-28 11:37:30"}
{"level":"debug","message":"GET /api/admin/customers?page=1&limit=10","service":"fashionshop-api","timestamp":"2026-03-28 11:37:30"}
{"level":"debug","message":"GET /api/products?page=1&limit=10","service":"fashionshop-api","timestamp":"2026-03-28 11:37:33"}
{"level":"debug","message":"GET /api/products?page=2&limit=10","service":"fashionshop-api","timestamp":"2026-03-28 11:37:36"}
{"level":"debug","message":"GET /api/products?page=1&limit=10","service":"fashionshop-api","timestamp":"2026-03-28 11:37:38"}
{"level":"debug","message":"GET /api/auth/me","service":"fashionshop-api","timestamp":"2026-03-28 11:41:00"}
{"level":"debug","message":"POST /api/auth/login","service":"fashionshop-api","timestamp":"2026-03-28 11:41:21"}
{"level":"debug","message":"POST /api/auth/login","service":"fashionshop-api","timestamp":"2026-03-28 11:41:32"}
{"level":"info","message":"User logged in: customer@example.com","service":"fashionshop-api","timestamp":"2026-03-28 11:41:32"}
{"level":"debug","message":"GET /api/auth/me","service":"fashionshop-api","timestamp":"2026-03-28 11:41:42"}
{"level":"debug","message":"POST /api/auth/login","service":"fashionshop-api","timestamp":"2026-03-28 11:42:02"}
{"level":"debug","message":"GET /api/admin/stats","service":"fashionshop-api","timestamp":"2026-03-28 11:42:28"}
{"level":"debug","message":"GET /favicon.ico","service":"fashionshop-api","timestamp":"2026-03-28 11:42:28"}
{"level":"debug","message":"GET /api/orders","service":"fashionshop-api","timestamp":"2026-03-28 11:42:41"}
{"level":"debug","message":"GET /api/products","service":"fashionshop-api","timestamp":"2026-03-28 11:42:57"}
{"level":"debug","message":"GET /api/auth/me","service":"fashionshop-api","timestamp":"2026-03-28 11:43:07"}
{"level":"debug","message":"GET /api/auth/me","service":"fashionshop-api","timestamp":"2026-03-28 11:43:17"}
{"level":"debug","message":"GET /api/dashboard/stats","service":"fashionshop-api","timestamp":"2026-03-28 11:43:27"}
{"level":"debug","message":"GET /api/auth/me","service":"fashionshop-api","timestamp":"2026-03-28 11:43:35"}
{"level":"debug","message":"GET /api/auth/me","service":"fashionshop-api","timestamp":"2026-03-28 11:43:41"}
{"level":"debug","message":"GET /api/auth/me","service":"fashionshop-api","timestamp":"2026-03-28 11:43:56"}
{"level":"debug","message":"POST /api/auth/register","service":"fashionshop-api","timestamp":"2026-03-28 11:44:18"}
{"level":"info","message":"New user registered: newadmin@example.com","service":"fashionshop-api","timestamp":"2026-03-28 11:44:19"}
{"level":"debug","message":"GET /api/auth/me","service":"fashionshop-api","timestamp":"2026-03-28 11:44:30"}
{"level":"debug","message":"GET /api/stats","service":"fashionshop-api","timestamp":"2026-03-28 11:44:43"}
{"level":"debug","message":"GET /api/admin/products","service":"fashionshop-api","timestamp":"2026-03-28 11:44:51"}
{"level":"debug","message":"GET /api/orders","service":"fashionshop-api","timestamp":"2026-03-28 11:44:57"}
{"level":"debug","message":"GET /api/auth/me","service":"fashionshop-api","timestamp":"2026-03-28 11:45:04"}
{"level":"debug","message":"GET /api/auth/me","service":"fashionshop-api","timestamp":"2026-03-28 11:45:09"}
{"level":"info","message":"✅ Database connected","service":"fashionshop-api","timestamp":"2026-03-28 12:02:07"}
{"level":"info","message":"✅ Database synced","service":"fashionshop-api","timestamp":"2026-03-28 12:02:07"}
{"level":"info","message":"🚀 Server running at http://localhost:3001","service":"fashionshop-api","timestamp":"2026-03-28 12:02:07"}
{"level":"info","message":"📡 API: http://localhost:3001/api","service":"fashionshop-api","timestamp":"2026-03-28 12:02:07"}
{"level":"debug","message":"GET /api/auth/me","service":"fashionshop-api","timestamp":"2026-03-28 12:02:32"}
{"level":"debug","message":"POST /api/auth/refresh","service":"fashionshop-api","timestamp":"2026-03-28 12:02:32"}
{"level":"debug","message":"GET /api/auth/me","service":"fashionshop-api","timestamp":"2026-03-28 12:02:32"}
{"level":"debug","message":"POST /api/auth/login","service":"fashionshop-api","timestamp":"2026-03-28 12:02:47"}
{"level":"info","message":"User logged in: admin@fashionshop.vn","service":"fashionshop-api","timestamp":"2026-03-28 12:02:48"}
{"level":"debug","message":"GET /api/admin/dashboard","service":"fashionshop-api","timestamp":"2026-03-28 12:02:48"}
{"level":"debug","message":"GET /api/admin/revenue?period=daily&months=1","service":"fashionshop-api","timestamp":"2026-03-28 12:02:48"}
{"level":"debug","message":"GET /api/products?page=1&limit=10","service":"fashionshop-api","timestamp":"2026-03-28 12:03:14"}
{"level":"debug","message":"GET /api/orders?page=1&limit=10","service":"fashionshop-api","timestamp":"2026-03-28 12:03:20"}
{"level":"debug","message":"GET /api/admin/customers?page=1&limit=10","service":"fashionshop-api","timestamp":"2026-03-28 12:03:26"}
{"level":"debug","message":"GET /api/admin/dashboard","service":"fashionshop-api","timestamp":"2026-03-28 12:03:31"}
{"level":"debug","message":"GET /api/admin/revenue?period=daily&months=1","service":"fashionshop-api","timestamp":"2026-03-28 12:03:31"}
{"level":"debug","message":"GET /api/orders?page=1&limit=10","service":"fashionshop-api","timestamp":"2026-03-28 12:03:49"}
{"level":"debug","message":"GET /api/admin/dashboard","service":"fashionshop-api","timestamp":"2026-03-28 12:03:55"}
{"level":"debug","message":"GET /api/admin/revenue?period=daily&months=1","service":"fashionshop-api","timestamp":"2026-03-28 12:03:55"}
{"level":"debug","message":"GET /api/products?page=1&limit=10","service":"fashionshop-api","timestamp":"2026-03-28 12:16:37"}
{"level":"info","message":"✅ Database connected","service":"fashionshop-api","timestamp":"2026-03-28 12:16:37"}
{"level":"info","message":"✅ Database synced","service":"fashionshop-api","timestamp":"2026-03-28 12:16:37"}
{"level":"info","message":"✅ Database connected","service":"fashionshop-api","timestamp":"2026-03-28 12:16:38"}
{"level":"info","message":"✅ Database connected","service":"fashionshop-api","timestamp":"2026-03-28 12:16:38"}
{"level":"info","message":"✅ Database synced","service":"fashionshop-api","timestamp":"2026-03-28 12:16:38"}
{"level":"info","message":"✅ Database synced","service":"fashionshop-api","timestamp":"2026-03-28 12:16:38"}
{"level":"info","message":"🚀 Server running at http://localhost:3001","service":"fashionshop-api","timestamp":"2026-03-28 12:16:38"}
{"level":"info","message":"📡 API: http://localhost:3001/api","service":"fashionshop-api","timestamp":"2026-03-28 12:16:38"}
{"level":"debug","message":"GET /api/admin/customers?page=1&limit=10","service":"fashionshop-api","timestamp":"2026-03-28 12:16:38"}
{"level":"debug","message":"GET /api/orders?page=1&limit=10","service":"fashionshop-api","timestamp":"2026-03-28 12:16:38"}
{"level":"debug","message":"GET /api/admin/dashboard","service":"fashionshop-api","timestamp":"2026-03-28 12:16:39"}
{"level":"debug","message":"GET /api/admin/revenue?period=daily&months=1","service":"fashionshop-api","timestamp":"2026-03-28 12:16:39"}
{"level":"debug","message":"GET /api/products?page=1&limit=10","service":"fashionshop-api","timestamp":"2026-03-28 12:16:39"}
{"level":"debug","message":"GET /api/admin/customers?page=1&limit=10","service":"fashionshop-api","timestamp":"2026-03-28 12:16:40"}
{"level":"debug","message":"GET /api/products?page=1&limit=10","service":"fashionshop-api","timestamp":"2026-03-28 12:16:40"}
{"level":"info","message":"✅ Database connected","service":"fashionshop-api","timestamp":"2026-03-28 12:17:06"}
{"level":"info","message":"✅ Database connected","service":"fashionshop-api","timestamp":"2026-03-28 12:17:06"}
{"level":"info","message":"✅ Database synced","service":"fashionshop-api","timestamp":"2026-03-28 12:17:06"}
{"level":"info","message":"✅ Database synced","service":"fashionshop-api","timestamp":"2026-03-28 12:17:06"}
{"level":"info","message":"🚀 Server running at http://localhost:3001","service":"fashionshop-api","timestamp":"2026-03-28 12:17:06"}
{"level":"info","message":"📡 API: http://localhost:3001/api","service":"fashionshop-api","timestamp":"2026-03-28 12:17:06"}
{"level":"debug","message":"GET /api/auth/me","service":"fashionshop-api","timestamp":"2026-03-28 12:17:42"}
{"level":"debug","message":"POST /api/auth/login","service":"fashionshop-api","timestamp":"2026-03-28 12:17:58"}
{"level":"info","message":"✅ Database connected","service":"fashionshop-api","timestamp":"2026-03-28 12:17:59"}
{"level":"info","message":"✅ Database synced","service":"fashionshop-api","timestamp":"2026-03-28 12:18:00"}
{"level":"info","message":"🚀 Server running at http://localhost:3001","service":"fashionshop-api","timestamp":"2026-03-28 12:18:00"}
{"level":"info","message":"📡 API: http://localhost:3001/api","service":"fashionshop-api","timestamp":"2026-03-28 12:18:00"}
{"level":"debug","message":"POST /api/auth/login","service":"fashionshop-api","timestamp":"2026-03-28 12:18:00"}
{"level":"info","message":"User logged in: admin@fashionshop.vn","service":"fashionshop-api","timestamp":"2026-03-28 12:18:00"}
{"level":"debug","message":"GET /api/admin/dashboard","service":"fashionshop-api","timestamp":"2026-03-28 12:18:00"}
{"level":"debug","message":"GET /api/admin/revenue?period=daily&months=1","service":"fashionshop-api","timestamp":"2026-03-28 12:18:00"}
{"level":"debug","message":"GET /api/orders?page=1&limit=10","service":"fashionshop-api","timestamp":"2026-03-28 12:18:13"}
{"level":"debug","message":"GET /api/admin/customers?page=1&limit=10","service":"fashionshop-api","timestamp":"2026-03-28 12:18:19"}
{"level":"info","message":"✅ Database connected","service":"fashionshop-api","timestamp":"2026-03-28 13:20:28"}
{"level":"info","message":"✅ Database synced","service":"fashionshop-api","timestamp":"2026-03-28 13:20:28"}
{"level":"info","message":"🚀 Server running at http://localhost:3001","service":"fashionshop-api","timestamp":"2026-03-28 13:20:28"}
{"level":"info","message":"📡 API: http://localhost:3001/api","service":"fashionshop-api","timestamp":"2026-03-28 13:20:28"}
{"level":"info","message":"✅ Database connected","service":"fashionshop-api","timestamp":"2026-03-28 13:20:28"}
{"level":"info","message":"✅ Database synced","service":"fashionshop-api","timestamp":"2026-03-28 13:20:28"}
{"level":"info","message":"🚀 Server running at http://localhost:3001","service":"fashionshop-api","timestamp":"2026-03-28 13:20:28"}
{"level":"info","message":"📡 API: http://localhost:3001/api","service":"fashionshop-api","timestamp":"2026-03-28 13:20:28"}
{"level":"debug","message":"GET /api/health","service":"fashionshop-api","timestamp":"2026-03-28 13:36:04"}
{"level":"debug","message":"GET /favicon.ico","service":"fashionshop-api","timestamp":"2026-03-28 13:36:05"}
{"level":"debug","message":"GET /api/health","service":"fashionshop-api","timestamp":"2026-03-28 13:59:56"}
{"level":"info","message":"✅ Database connected","service":"fashionshop-api","timestamp":"2026-03-28 14:01:31"}
{"level":"info","message":"✅ Database synced","service":"fashionshop-api","timestamp":"2026-03-28 14:01:31"}
{"level":"info","message":"🚀 Server running at http://localhost:3001","service":"fashionshop-api","timestamp":"2026-03-28 14:01:31"}
{"level":"info","message":"📡 API: http://localhost:3001/api","service":"fashionshop-api","timestamp":"2026-03-28 14:01:31"}
{"level":"debug","message":"POST /api/auth/login","service":"fashionshop-api","timestamp":"2026-03-28 14:02:40"}
{"level":"info","message":"✅ Database connected","service":"fashionshop-api","timestamp":"2026-03-28 14:02:42"}
{"level":"info","message":"✅ Database synced","service":"fashionshop-api","timestamp":"2026-03-28 14:02:42"}
{"level":"info","message":"🚀 Server running at http://localhost:3001","service":"fashionshop-api","timestamp":"2026-03-28 14:02:42"}
{"level":"info","message":"📡 API: http://localhost:3001/api","service":"fashionshop-api","timestamp":"2026-03-28 14:02:42"}
{"level":"debug","message":"POST /api/auth/login","service":"fashionshop-api","timestamp":"2026-03-28 14:02:42"}
{"level":"info","message":"User logged in: admin@fashionshop.vn","service":"fashionshop-api","timestamp":"2026-03-28 14:02:42"}
{"level":"debug","message":"GET /api/admin/revenue?period=daily&months=1","service":"fashionshop-api","timestamp":"2026-03-28 14:02:43"}
{"level":"debug","message":"GET /api/admin/dashboard","service":"fashionshop-api","timestamp":"2026-03-28 14:02:43"}
{"level":"debug","message":"GET /api/auth/me","service":"fashionshop-api","timestamp":"2026-03-28 14:02:53"}
{"level":"debug","message":"POST /api/auth/logout","service":"fashionshop-api","timestamp":"2026-03-28 14:03:14"}
{"level":"debug","message":"POST /api/auth/login","service":"fashionshop-api","timestamp":"2026-03-28 14:03:38"}
{"level":"info","message":"User logged in: customer@example.com","service":"fashionshop-api","timestamp":"2026-03-28 14:03:38"}
{"level":"debug","message":"GET /api/auth/me","service":"fashionshop-api","timestamp":"2026-03-28 14:11:13"}
{"level":"debug","message":"PUT /api/auth/update-profile","service":"fashionshop-api","timestamp":"2026-03-28 14:11:19"}
{"level":"debug","message":"POST /api/auth/logout","service":"fashionshop-api","timestamp":"2026-03-28 14:13:57"}
{"level":"debug","message":"POST /api/auth/login","service":"fashionshop-api","timestamp":"2026-03-28 14:13:59"}
{"level":"info","message":"User logged in: admin@fashionshop.vn","service":"fashionshop-api","timestamp":"2026-03-28 14:13:59"}
{"level":"debug","message":"GET /api/admin/dashboard","service":"fashionshop-api","timestamp":"2026-03-28 14:13:59"}
{"level":"debug","message":"GET /api/admin/revenue?period=daily&months=1","service":"fashionshop-api","timestamp":"2026-03-28 14:13:59"}
{"level":"debug","message":"GET /api/orders?page=1&limit=10","service":"fashionshop-api","timestamp":"2026-03-28 14:16:36"}
{"level":"debug","message":"GET /api/orders?page=2&limit=10","service":"fashionshop-api","timestamp":"2026-03-28 14:16:42"}
{"level":"debug","message":"GET /api/orders?page=3&limit=10","service":"fashionshop-api","timestamp":"2026-03-28 14:16:42"}
{"level":"debug","message":"GET /api/orders?page=4&limit=10","service":"fashionshop-api","timestamp":"2026-03-28 14:16:42"}
{"level":"debug","message":"GET /api/orders?page=7&limit=10","service":"fashionshop-api","timestamp":"2026-03-28 14:16:43"}
{"level":"debug","message":"GET /api/orders?page=8&limit=10","service":"fashionshop-api","timestamp":"2026-03-28 14:16:44"}
{"level":"debug","message":"GET /api/orders?page=10&limit=10","service":"fashionshop-api","timestamp":"2026-03-28 14:16:44"}
{"level":"debug","message":"GET /api/orders?page=11&limit=10","service":"fashionshop-api","timestamp":"2026-03-28 14:16:44"}
{"level":"debug","message":"GET /api/orders?page=2&limit=10","service":"fashionshop-api","timestamp":"2026-03-28 14:16:45"}
{"level":"debug","message":"GET /api/products?page=1&limit=10","service":"fashionshop-api","timestamp":"2026-03-28 14:16:46"}
{"level":"debug","message":"GET /api/admin/revenue?period=daily&months=1","service":"fashionshop-api","timestamp":"2026-03-28 14:16:46"}
{"level":"debug","message":"GET /api/admin/dashboard","service":"fashionshop-api","timestamp":"2026-03-28 14:16:46"}
{"level":"debug","message":"GET /api/admin/customers?page=1&limit=10","service":"fashionshop-api","timestamp":"2026-03-28 14:16:48"}
{"level":"debug","message":"GET /api/orders?page=1&limit=10","service":"fashionshop-api","timestamp":"2026-03-28 14:16:48"}
{"level":"debug","message":"GET /api/products?page=1&limit=10","service":"fashionshop-api","timestamp":"2026-03-28 14:16:49"}
{"level":"debug","message":"GET /api/admin/dashboard","service":"fashionshop-api","timestamp":"2026-03-28 14:16:50"}
{"level":"debug","message":"GET /api/admin/revenue?period=daily&months=1","service":"fashionshop-api","timestamp":"2026-03-28 14:16:50"}
{"level":"debug","message":"GET /api/orders?page=1&limit=10","service":"fashionshop-api","timestamp":"2026-03-28 14:40:49"}
{"level":"debug","message":"POST /api/auth/refresh","service":"fashionshop-api","timestamp":"2026-03-28 14:40:49"}
{"level":"debug","message":"GET /api/orders?page=1&limit=10","service":"fashionshop-api","timestamp":"2026-03-28 14:40:49"}
{"level":"debug","message":"GET /api/products?page=1&limit=10","service":"fashionshop-api","timestamp":"2026-03-28 14:40:49"}
{"level":"debug","message":"GET /api/orders?page=1&limit=10","service":"fashionshop-api","timestamp":"2026-03-28 14:40:50"}
{"level":"debug","message":"GET /api/admin/customers?page=1&limit=10","service":"fashionshop-api","timestamp":"2026-03-28 14:40:51"}
{"level":"debug","message":"GET /api/admin/dashboard","service":"fashionshop-api","timestamp":"2026-03-28 14:40:51"}
{"level":"debug","message":"GET /api/admin/revenue?period=daily&months=1","service":"fashionshop-api","timestamp":"2026-03-28 14:40:51"}
{"level":"debug","message":"GET /api/admin/customers?page=1&limit=10","service":"fashionshop-api","timestamp":"2026-03-28 14:40:52"}
{"level":"debug","message":"GET /api/orders?page=1&limit=10","service":"fashionshop-api","timestamp":"2026-03-28 14:40:53"}
{"level":"debug","message":"GET /api/admin/dashboard","service":"fashionshop-api","timestamp":"2026-03-28 14:41:02"}
{"level":"debug","message":"GET /api/admin/revenue?period=daily&months=1","service":"fashionshop-api","timestamp":"2026-03-28 14:41:02"}
{"level":"debug","message":"GET /api/products?page=1&limit=10","service":"fashionshop-api","timestamp":"2026-03-28 14:41:06"}
{"level":"debug","message":"GET /api/products?page=2&limit=10","service":"fashionshop-api","timestamp":"2026-03-28 14:41:09"}
{"level":"debug","message":"GET /api/admin/customers?page=1&limit=10","service":"fashionshop-api","timestamp":"2026-03-28 14:41:10"}
{"level":"debug","message":"GET /api/orders?page=1&limit=10","service":"fashionshop-api","timestamp":"2026-03-28 14:41:11"}
{"level":"debug","message":"GET /api/admin/customers?page=1&limit=10","service":"fashionshop-api","timestamp":"2026-03-28 14:41:12"}
{"level":"info","message":"✅ Database connected","service":"fashionshop-api","timestamp":"2026-04-06 16:04:32"}
{"level":"info","message":"✅ Database synced","service":"fashionshop-api","timestamp":"2026-04-06 16:04:32"}
{"level":"info","message":"🚀 Server running at http://localhost:3001","service":"fashionshop-api","timestamp":"2026-04-06 16:04:32"}
{"level":"info","message":"📡 API: http://localhost:3001/api","service":"fashionshop-api","timestamp":"2026-04-06 16:04:32"}
{"level":"info","message":"✅ Database connected","service":"fashionshop-api","timestamp":"2026-04-06 16:04:33"}
{"level":"info","message":"✅ Database synced","service":"fashionshop-api","timestamp":"2026-04-06 16:04:33"}
{"level":"info","message":"🚀 Server running at http://localhost:3001","service":"fashionshop-api","timestamp":"2026-04-06 16:04:33"}
{"level":"info","message":"📡 API: http://localhost:3001/api","service":"fashionshop-api","timestamp":"2026-04-06 16:04:33"}
{"level":"debug","message":"POST /api/auth/login","service":"fashionshop-api","timestamp":"2026-04-06 16:07:37"}
{"level":"info","message":"✅ Database connected","service":"fashionshop-api","timestamp":"2026-04-06 16:07:38"}
{"level":"info","message":"✅ Database synced","service":"fashionshop-api","timestamp":"2026-04-06 16:07:38"}
{"level":"info","message":"🚀 Server running at http://localhost:3001","service":"fashionshop-api","timestamp":"2026-04-06 16:07:38"}
{"level":"info","message":"📡 API: http://localhost:3001/api","service":"fashionshop-api","timestamp":"2026-04-06 16:07:38"}
{"level":"debug","message":"POST /api/auth/login","service":"fashionshop-api","timestamp":"2026-04-06 16:07:38"}
{"level":"info","message":"User logged in: admin@fashionshop.vn","service":"fashionshop-api","timestamp":"2026-04-06 16:07:38"}
{"level":"debug","message":"GET /api/admin/dashboard","service":"fashionshop-api","timestamp":"2026-04-06 16:07:38"}
{"level":"debug","message":"GET /api/admin/revenue?period=daily&months=1","service":"fashionshop-api","timestamp":"2026-04-06 16:07:38"}
{"level":"debug","message":"GET /api/admin/dashboard","service":"fashionshop-api","timestamp":"2026-04-06 16:07:47"}
{"level":"debug","message":"GET /api/admin/revenue?period=daily&months=1","service":"fashionshop-api","timestamp":"2026-04-06 16:07:47"}
{"level":"debug","message":"GET /api/products?page=1&limit=10","service":"fashionshop-api","timestamp":"2026-04-06 16:07:49"}
{"level":"debug","message":"GET /api/orders?page=1&limit=10","service":"fashionshop-api","timestamp":"2026-04-06 16:07:53"}
{"level":"debug","message":"GET /api/admin/customers?page=1&limit=10","service":"fashionshop-api","timestamp":"2026-04-06 16:07:56"}
{"level":"debug","message":"GET /api/admin/dashboard","service":"fashionshop-api","timestamp":"2026-04-06 16:07:58"}
{"level":"debug","message":"GET /api/admin/revenue?period=daily&months=1","service":"fashionshop-api","timestamp":"2026-04-06 16:07:58"}
{"level":"debug","message":"GET /api/admin/dashboard","service":"fashionshop-api","timestamp":"2026-04-06 16:08:07"}
{"level":"debug","message":"GET /api/admin/revenue?period=daily&months=1","service":"fashionshop-api","timestamp":"2026-04-06 16:08:07"}
{"level":"debug","message":"GET /api/admin/dashboard","service":"fashionshop-api","timestamp":"2026-04-06 16:08:17"}
{"level":"debug","message":"GET /api/admin/revenue?period=daily&months=1","service":"fashionshop-api","timestamp":"2026-04-06 16:08:17"}
{"level":"info","message":"✅ Database connected","service":"fashionshop-api","timestamp":"2026-04-08 12:29:43"}
{"level":"info","message":"✅ Database synced","service":"fashionshop-api","timestamp":"2026-04-08 12:29:43"}
{"level":"info","message":"🚀 Server running at http://localhost:3001","service":"fashionshop-api","timestamp":"2026-04-08 12:29:43"}
{"level":"info","message":"📡 API: http://localhost:3001/api","service":"fashionshop-api","timestamp":"2026-04-08 12:29:43"}
{"level":"info","message":"✅ Database connected","service":"fashionshop-api","timestamp":"2026-04-08 12:33:00"}
{"level":"info","message":"✅ Database synced","service":"fashionshop-api","timestamp":"2026-04-08 12:33:00"}
{"level":"info","message":"🚀 Server running at http://localhost:3001","service":"fashionshop-api","timestamp":"2026-04-08 12:33:00"}
{"level":"info","message":"📡 API: http://localhost:3001/api","service":"fashionshop-api","timestamp":"2026-04-08 12:33:00"}
{"level":"debug","message":"GET /api/health","service":"fashionshop-api","timestamp":"2026-04-08 12:34:45"}
{"level":"debug","message":"GET /favicon.ico","service":"fashionshop-api","timestamp":"2026-04-08 12:34:45"}
{"level":"debug","message":"GET /","service":"fashionshop-api","timestamp":"2026-04-08 12:34:58"}
{"level":"info","message":"✅ Database connected","service":"fashionshop-api","timestamp":"2026-04-08 12:36:58"}
{"level":"info","message":"✅ Database synced","service":"fashionshop-api","timestamp":"2026-04-08 12:36:58"}
{"level":"info","message":"🚀 Server running at http://localhost:3001","service":"fashionshop-api","timestamp":"2026-04-08 12:36:58"}
{"level":"info","message":"📡 API: http://localhost:3001/api","service":"fashionshop-api","timestamp":"2026-04-08 12:36:58"}
{"level":"info","message":"✅ Database connected","service":"fashionshop-api","timestamp":"2026-04-10 08:41:06"}
{"level":"info","message":"✅ Database synced","service":"fashionshop-api","timestamp":"2026-04-10 08:41:06"}
{"level":"info","message":"🚀 Server running at http://localhost:3001","service":"fashionshop-api","timestamp":"2026-04-10 08:41:06"}
{"level":"info","message":"📡 API: http://localhost:3001/api","service":"fashionshop-api","timestamp":"2026-04-10 08:41:06"}
{"level":"info","message":"✅ Database connected","service":"fashionshop-api","timestamp":"2026-04-10 08:46:28"}
{"level":"info","message":"✅ Database synced","service":"fashionshop-api","timestamp":"2026-04-10 08:46:28"}
{"level":"info","message":"🚀 Server running at http://localhost:3001","service":"fashionshop-api","timestamp":"2026-04-10 08:46:28"}
{"level":"info","message":"📡 API: http://localhost:3001/api","service":"fashionshop-api","timestamp":"2026-04-10 08:46:28"}
{"level":"debug","message":"POST /api/auth/login","service":"fashionshop-api","timestamp":"2026-04-10 08:47:17"}
{"level":"info","message":"User logged in: admin@fashionshop.vn","service":"fashionshop-api","timestamp":"2026-04-10 08:47:17"}
{"level":"debug","message":"GET /api/admin/dashboard","service":"fashionshop-api","timestamp":"2026-04-10 08:47:17"}
{"level":"debug","message":"GET /api/admin/revenue?period=daily&months=1","service":"fashionshop-api","timestamp":"2026-04-10 08:47:18"}
{"level":"debug","message":"POST /api/auth/login","service":"fashionshop-api","timestamp":"2026-04-10 08:47:22"}
{"level":"info","message":"User logged in: customer@example.com","service":"fashionshop-api","timestamp":"2026-04-10 08:47:23"}
{"level":"debug","message":"GET /api/admin/dashboard","service":"fashionshop-api","timestamp":"2026-04-10 08:47:23"}
