{"level":"info","message":"✅ Database connected","service":"fashionshop-api","timestamp":"2026-04-10 10:48:16"}
{"level":"info","message":"✅ Database synced","service":"fashionshop-api","timestamp":"2026-04-10 10:48:16"}
{"level":"info","message":"🚀 Server running at http://localhost:3001","service":"fashionshop-api","timestamp":"2026-04-10 10:48:16"}
{"level":"info","message":"📡 API: http://localhost:3001/api","service":"fashionshop-api","timestamp":"2026-04-10 10:48:16"}
{"level":"debug","message":"GET /api/auth/me","service":"fashionshop-api","timestamp":"2026-04-10 10:48:52"}
{"level":"debug","message":"POST /api/auth/login","service":"fashionshop-api","timestamp":"2026-04-10 10:49:03"}
{"level":"info","message":"User logged in: admin@fashionshop.vn","service":"fashionshop-api","timestamp":"2026-04-10 10:49:03"}
{"level":"debug","message":"GET /api/orders?","service":"fashionshop-api","timestamp":"2026-04-10 10:49:03"}
{"level":"debug","message":"GET /api/admin/dashboard","service":"fashionshop-api","timestamp":"2026-04-10 10:49:03"}
{"level":"debug","message":"GET /api/admin/revenue?period=daily&months=3","service":"fashionshop-api","timestamp":"2026-04-10 10:49:03"}
{"level":"debug","message":"GET /api/admin/top-products?limit=8","service":"fashionshop-api","timestamp":"2026-04-10 10:49:03"}
{"level":"debug","message":"GET /api/auth/me","service":"fashionshop-api","timestamp":"2026-04-10 10:49:09"}
{"level":"debug","message":"GET /api/orders?","service":"fashionshop-api","timestamp":"2026-04-10 10:49:09"}
{"level":"debug","message":"POST /api/auth/login","service":"fashionshop-api","timestamp":"2026-04-10 10:49:22"}
{"level":"info","message":"User logged in: admin@fashionshop.vn","service":"fashionshop-api","timestamp":"2026-04-10 10:49:23"}
{"level":"debug","message":"GET /api/orders?","service":"fashionshop-api","timestamp":"2026-04-10 10:49:23"}
{"level":"debug","message":"GET /api/admin/dashboard","service":"fashionshop-api","timestamp":"2026-04-10 10:49:23"}
{"level":"debug","message":"GET /api/admin/revenue?period=daily&months=3","service":"fashionshop-api","timestamp":"2026-04-10 10:49:23"}
{"level":"debug","message":"GET /api/admin/top-products?limit=8","service":"fashionshop-api","timestamp":"2026-04-10 10:49:23"}
{"level":"debug","message":"GET /api/auth/me","service":"fashionshop-api","timestamp":"2026-04-10 10:49:27"}
{"level":"debug","message":"GET /api/orders?","service":"fashionshop-api","timestamp":"2026-04-10 10:49:27"}
{"level":"debug","message":"GET /api/admin/dashboard","service":"fashionshop-api","timestamp":"2026-04-10 10:49:43"}
{"level":"debug","message":"GET /api/admin/revenue?period=daily&months=3","service":"fashionshop-api","timestamp":"2026-04-10 10:49:43"}
{"level":"debug","message":"GET /api/admin/top-products?limit=8","service":"fashionshop-api","timestamp":"2026-04-10 10:49:43"}
{"level":"debug","message":"GET /api/auth/me","service":"fashionshop-api","timestamp":"2026-04-10 10:50:35"}
{"level":"debug","message":"GET /api/orders?","service":"fashionshop-api","timestamp":"2026-04-10 10:50:35"}
{"level":"debug","message":"POST /api/auth/login","service":"fashionshop-api","timestamp":"2026-04-10 10:50:58"}
{"level":"debug","message":"POST /api/auth/login","service":"fashionshop-api","timestamp":"2026-04-10 10:51:12"}
{"level":"debug","message":"GET /api/auth/me","service":"fashionshop-api","timestamp":"2026-04-10 10:51:20"}
{"level":"debug","message":"GET /api/orders?","service":"fashionshop-api","timestamp":"2026-04-10 10:51:20"}
{"level":"debug","message":"POST /api/auth/login","service":"fashionshop-api","timestamp":"2026-04-10 10:51:46"}
{"level":"debug","message":"GET /api/auth/me","service":"fashionshop-api","timestamp":"2026-04-10 10:52:12"}
{"level":"debug","message":"GET /api/orders?","service":"fashionshop-api","timestamp":"2026-04-10 10:52:12"}
{"level":"debug","message":"POST /api/auth/login","service":"fashionshop-api","timestamp":"2026-04-10 10:52:24"}
{"level":"debug","message":"GET /api/auth/me","service":"fashionshop-api","timestamp":"2026-04-10 10:52:50"}
{"level":"debug","message":"GET /favicon.ico","service":"fashionshop-api","timestamp":"2026-04-10 10:52:50"}
{"level":"debug","message":"GET /api/auth/me","service":"fashionshop-api","timestamp":"2026-04-10 10:53:02"}
{"level":"debug","message":"GET /api/orders?","service":"fashionshop-api","timestamp":"2026-04-10 10:53:02"}
{"level":"debug","message":"POST /api/auth/login","service":"fashionshop-api","timestamp":"2026-04-10 10:53:13"}
{"level":"debug","message":"GET /api/products","service":"fashionshop-api","timestamp":"2026-04-10 10:53:30"}
{"level":"debug","message":"GET /api/admin/top-products","service":"fashionshop-api","timestamp":"2026-04-10 10:53:38"}
